Started GET "/" for 127.0.0.1 at 2018-08-08 12:48:58 -0400
Processing by Rails::WelcomeController#index as HTML
  Rendering /Users/gustavodemattos/.rbenv/versions/2.5.0/lib/ruby/gems/2.5.0/gems/railties-5.2.1/lib/rails/templates/rails/welcome/index.html.erb
  Rendered /Users/gustavodemattos/.rbenv/versions/2.5.0/lib/ruby/gems/2.5.0/gems/railties-5.2.1/lib/rails/templates/rails/welcome/index.html.erb (4.0ms)
Completed 200 OK in 30ms (Views: 14.2ms | ActiveRecord: 0.0ms)


Started GET "/" for 127.0.0.1 at 2018-08-08 12:57:08 -0400
  
ActionController::RoutingError (uninitialized constant MainController):
  
bootsnap (1.3.1) lib/bootsnap/load_path_cache/core_ext/active_support.rb:53:in `block in load_missing_constant'
bootsnap (1.3.1) lib/bootsnap/load_path_cache/core_ext/active_support.rb:8:in `without_bootsnap_cache'
bootsnap (1.3.1) lib/bootsnap/load_path_cache/core_ext/active_support.rb:53:in `rescue in load_missing_constant'
bootsnap (1.3.1) lib/bootsnap/load_path_cache/core_ext/active_support.rb:42:in `load_missing_constant'
activesupport (5.2.1) lib/active_support/inflector/methods.rb:283:in `const_get'
activesupport (5.2.1) lib/active_support/inflector/methods.rb:283:in `block in constantize'
activesupport (5.2.1) lib/active_support/inflector/methods.rb:281:in `each'
activesupport (5.2.1) lib/active_support/inflector/methods.rb:281:in `inject'
activesupport (5.2.1) lib/active_support/inflector/methods.rb:281:in `constantize'
actionpack (5.2.1) lib/action_dispatch/http/request.rb:88:in `controller_class_for'
actionpack (5.2.1) lib/action_dispatch/http/request.rb:81:in `controller_class'
actionpack (5.2.1) lib/action_dispatch/routing/route_set.rb:46:in `controller'
actionpack (5.2.1) lib/action_dispatch/routing/route_set.rb:32:in `serve'
actionpack (5.2.1) lib/action_dispatch/journey/router.rb:52:in `block in serve'
actionpack (5.2.1) lib/action_dispatch/journey/router.rb:35:in `each'
actionpack (5.2.1) lib/action_dispatch/journey/router.rb:35:in `serve'
actionpack (5.2.1) lib/action_dispatch/routing/route_set.rb:840:in `call'
rack (2.0.5) lib/rack/tempfile_reaper.rb:15:in `call'
rack (2.0.5) lib/rack/etag.rb:25:in `call'
rack (2.0.5) lib/rack/conditional_get.rb:25:in `call'
rack (2.0.5) lib/rack/head.rb:12:in `call'
actionpack (5.2.1) lib/action_dispatch/http/content_security_policy.rb:18:in `call'
rack (2.0.5) lib/rack/session/abstract/id.rb:232:in `context'
rack (2.0.5) lib/rack/session/abstract/id.rb:226:in `call'
actionpack (5.2.1) lib/action_dispatch/middleware/cookies.rb:670:in `call'
activerecord (5.2.1) lib/active_record/migration.rb:559:in `call'
actionpack (5.2.1) lib/action_dispatch/middleware/callbacks.rb:28:in `block in call'
activesupport (5.2.1) lib/active_support/callbacks.rb:98:in `run_callbacks'
actionpack (5.2.1) lib/action_dispatch/middleware/callbacks.rb:26:in `call'
actionpack (5.2.1) lib/action_dispatch/middleware/executor.rb:14:in `call'
actionpack (5.2.1) lib/action_dispatch/middleware/debug_exceptions.rb:61:in `call'
web-console (3.6.2) lib/web_console/middleware.rb:135:in `call_app'
web-console (3.6.2) lib/web_console/middleware.rb:30:in `block in call'
web-console (3.6.2) lib/web_console/middleware.rb:20:in `catch'
web-console (3.6.2) lib/web_console/middleware.rb:20:in `call'
actionpack (5.2.1) lib/action_dispatch/middleware/show_exceptions.rb:33:in `call'
railties (5.2.1) lib/rails/rack/logger.rb:38:in `call_app'
railties (5.2.1) lib/rails/rack/logger.rb:26:in `block in call'
activesupport (5.2.1) lib/active_support/tagged_logging.rb:71:in `block in tagged'
activesupport (5.2.1) lib/active_support/tagged_logging.rb:28:in `tagged'
activesupport (5.2.1) lib/active_support/tagged_logging.rb:71:in `tagged'
railties (5.2.1) lib/rails/rack/logger.rb:26:in `call'
sprockets-rails (3.2.1) lib/sprockets/rails/quiet_assets.rb:13:in `call'
actionpack (5.2.1) lib/action_dispatch/middleware/remote_ip.rb:81:in `call'
actionpack (5.2.1) lib/action_dispatch/middleware/request_id.rb:27:in `call'
rack (2.0.5) lib/rack/method_override.rb:22:in `call'
rack (2.0.5) lib/rack/runtime.rb:22:in `call'
activesupport (5.2.1) lib/active_support/cache/strategy/local_cache_middleware.rb:29:in `call'
actionpack (5.2.1) lib/action_dispatch/middleware/executor.rb:14:in `call'
actionpack (5.2.1) lib/action_dispatch/middleware/static.rb:127:in `call'
rack (2.0.5) lib/rack/sendfile.rb:111:in `call'
railties (5.2.1) lib/rails/engine.rb:524:in `call'
puma (3.12.0) lib/puma/configuration.rb:225:in `call'
puma (3.12.0) lib/puma/server.rb:658:in `handle_request'
puma (3.12.0) lib/puma/server.rb:472:in `process_client'
puma (3.12.0) lib/puma/server.rb:332:in `block in run'
puma (3.12.0) lib/puma/thread_pool.rb:133:in `block in spawn_thread'
Started GET "/" for 127.0.0.1 at 2018-08-08 12:59:37 -0400
  
ActionController::RoutingError (uninitialized constant MainController):
  
bootsnap (1.3.1) lib/bootsnap/load_path_cache/core_ext/active_support.rb:53:in `block in load_missing_constant'
bootsnap (1.3.1) lib/bootsnap/load_path_cache/core_ext/active_support.rb:8:in `without_bootsnap_cache'
bootsnap (1.3.1) lib/bootsnap/load_path_cache/core_ext/active_support.rb:53:in `rescue in load_missing_constant'
bootsnap (1.3.1) lib/bootsnap/load_path_cache/core_ext/active_support.rb:42:in `load_missing_constant'
activesupport (5.2.1) lib/active_support/inflector/methods.rb:283:in `const_get'
activesupport (5.2.1) lib/active_support/inflector/methods.rb:283:in `block in constantize'
activesupport (5.2.1) lib/active_support/inflector/methods.rb:281:in `each'
activesupport (5.2.1) lib/active_support/inflector/methods.rb:281:in `inject'
activesupport (5.2.1) lib/active_support/inflector/methods.rb:281:in `constantize'
actionpack (5.2.1) lib/action_dispatch/http/request.rb:88:in `controller_class_for'
actionpack (5.2.1) lib/action_dispatch/http/request.rb:81:in `controller_class'
actionpack (5.2.1) lib/action_dispatch/routing/route_set.rb:46:in `controller'
actionpack (5.2.1) lib/action_dispatch/routing/route_set.rb:32:in `serve'
actionpack (5.2.1) lib/action_dispatch/journey/router.rb:52:in `block in serve'
actionpack (5.2.1) lib/action_dispatch/journey/router.rb:35:in `each'
actionpack (5.2.1) lib/action_dispatch/journey/router.rb:35:in `serve'
actionpack (5.2.1) lib/action_dispatch/routing/route_set.rb:840:in `call'
rack (2.0.5) lib/rack/tempfile_reaper.rb:15:in `call'
rack (2.0.5) lib/rack/etag.rb:25:in `call'
rack (2.0.5) lib/rack/conditional_get.rb:25:in `call'
rack (2.0.5) lib/rack/head.rb:12:in `call'
actionpack (5.2.1) lib/action_dispatch/http/content_security_policy.rb:18:in `call'
rack (2.0.5) lib/rack/session/abstract/id.rb:232:in `context'
rack (2.0.5) lib/rack/session/abstract/id.rb:226:in `call'
actionpack (5.2.1) lib/action_dispatch/middleware/cookies.rb:670:in `call'
activerecord (5.2.1) lib/active_record/migration.rb:559:in `call'
actionpack (5.2.1) lib/action_dispatch/middleware/callbacks.rb:28:in `block in call'
activesupport (5.2.1) lib/active_support/callbacks.rb:98:in `run_callbacks'
actionpack (5.2.1) lib/action_dispatch/middleware/callbacks.rb:26:in `call'
actionpack (5.2.1) lib/action_dispatch/middleware/executor.rb:14:in `call'
actionpack (5.2.1) lib/action_dispatch/middleware/debug_exceptions.rb:61:in `call'
web-console (3.6.2) lib/web_console/middleware.rb:135:in `call_app'
web-console (3.6.2) lib/web_console/middleware.rb:30:in `block in call'
web-console (3.6.2) lib/web_console/middleware.rb:20:in `catch'
web-console (3.6.2) lib/web_console/middleware.rb:20:in `call'
actionpack (5.2.1) lib/action_dispatch/middleware/show_exceptions.rb:33:in `call'
railties (5.2.1) lib/rails/rack/logger.rb:38:in `call_app'
railties (5.2.1) lib/rails/rack/logger.rb:26:in `block in call'
activesupport (5.2.1) lib/active_support/tagged_logging.rb:71:in `block in tagged'
activesupport (5.2.1) lib/active_support/tagged_logging.rb:28:in `tagged'
activesupport (5.2.1) lib/active_support/tagged_logging.rb:71:in `tagged'
railties (5.2.1) lib/rails/rack/logger.rb:26:in `call'
sprockets-rails (3.2.1) lib/sprockets/rails/quiet_assets.rb:13:in `call'
actionpack (5.2.1) lib/action_dispatch/middleware/remote_ip.rb:81:in `call'
actionpack (5.2.1) lib/action_dispatch/middleware/request_id.rb:27:in `call'
rack (2.0.5) lib/rack/method_override.rb:22:in `call'
rack (2.0.5) lib/rack/runtime.rb:22:in `call'
activesupport (5.2.1) lib/active_support/cache/strategy/local_cache_middleware.rb:29:in `call'
actionpack (5.2.1) lib/action_dispatch/middleware/executor.rb:14:in `call'
actionpack (5.2.1) lib/action_dispatch/middleware/static.rb:127:in `call'
rack (2.0.5) lib/rack/sendfile.rb:111:in `call'
railties (5.2.1) lib/rails/engine.rb:524:in `call'
puma (3.12.0) lib/puma/configuration.rb:225:in `call'
puma (3.12.0) lib/puma/server.rb:658:in `handle_request'
puma (3.12.0) lib/puma/server.rb:472:in `process_client'
puma (3.12.0) lib/puma/server.rb:332:in `block in run'
puma (3.12.0) lib/puma/thread_pool.rb:133:in `block in spawn_thread'
Started GET "/main" for 127.0.0.1 at 2018-08-08 12:59:42 -0400
  
ActionController::RoutingError (No route matches [GET] "/main"):
  
actionpack (5.2.1) lib/action_dispatch/middleware/debug_exceptions.rb:65:in `call'
web-console (3.6.2) lib/web_console/middleware.rb:135:in `call_app'
web-console (3.6.2) lib/web_console/middleware.rb:30:in `block in call'
web-console (3.6.2) lib/web_console/middleware.rb:20:in `catch'
web-console (3.6.2) lib/web_console/middleware.rb:20:in `call'
actionpack (5.2.1) lib/action_dispatch/middleware/show_exceptions.rb:33:in `call'
railties (5.2.1) lib/rails/rack/logger.rb:38:in `call_app'
railties (5.2.1) lib/rails/rack/logger.rb:26:in `block in call'
activesupport (5.2.1) lib/active_support/tagged_logging.rb:71:in `block in tagged'
activesupport (5.2.1) lib/active_support/tagged_logging.rb:28:in `tagged'
activesupport (5.2.1) lib/active_support/tagged_logging.rb:71:in `tagged'
railties (5.2.1) lib/rails/rack/logger.rb:26:in `call'
sprockets-rails (3.2.1) lib/sprockets/rails/quiet_assets.rb:13:in `call'
actionpack (5.2.1) lib/action_dispatch/middleware/remote_ip.rb:81:in `call'
actionpack (5.2.1) lib/action_dispatch/middleware/request_id.rb:27:in `call'
rack (2.0.5) lib/rack/method_override.rb:22:in `call'
rack (2.0.5) lib/rack/runtime.rb:22:in `call'
activesupport (5.2.1) lib/active_support/cache/strategy/local_cache_middleware.rb:29:in `call'
actionpack (5.2.1) lib/action_dispatch/middleware/executor.rb:14:in `call'
actionpack (5.2.1) lib/action_dispatch/middleware/static.rb:127:in `call'
rack (2.0.5) lib/rack/sendfile.rb:111:in `call'
railties (5.2.1) lib/rails/engine.rb:524:in `call'
puma (3.12.0) lib/puma/configuration.rb:225:in `call'
puma (3.12.0) lib/puma/server.rb:658:in `handle_request'
puma (3.12.0) lib/puma/server.rb:472:in `process_client'
puma (3.12.0) lib/puma/server.rb:332:in `block in run'
puma (3.12.0) lib/puma/thread_pool.rb:133:in `block in spawn_thread'
Started GET "/" for 127.0.0.1 at 2018-08-08 13:00:14 -0400
  
NameError (uninitialized constant GET):
  
config/routes.rb:4:in `block in <main>'
config/routes.rb:1:in `<main>'
Started GET "/" for 127.0.0.1 at 2018-08-08 13:00:37 -0400
  
NoMethodError (undefined method `root_path' for #<ActionDispatch::Routing::Mapper:0x00007f98efb59c00>):
  
config/routes.rb:4:in `block in <main>'
config/routes.rb:1:in `<main>'
Started GET "/" for 127.0.0.1 at 2018-08-08 13:00:52 -0400
  
ActionController::RoutingError (uninitialized constant MainController):
  
bootsnap (1.3.1) lib/bootsnap/load_path_cache/core_ext/active_support.rb:53:in `block in load_missing_constant'
bootsnap (1.3.1) lib/bootsnap/load_path_cache/core_ext/active_support.rb:8:in `without_bootsnap_cache'
bootsnap (1.3.1) lib/bootsnap/load_path_cache/core_ext/active_support.rb:53:in `rescue in load_missing_constant'
bootsnap (1.3.1) lib/bootsnap/load_path_cache/core_ext/active_support.rb:42:in `load_missing_constant'
activesupport (5.2.1) lib/active_support/inflector/methods.rb:283:in `const_get'
activesupport (5.2.1) lib/active_support/inflector/methods.rb:283:in `block in constantize'
activesupport (5.2.1) lib/active_support/inflector/methods.rb:281:in `each'
activesupport (5.2.1) lib/active_support/inflector/methods.rb:281:in `inject'
activesupport (5.2.1) lib/active_support/inflector/methods.rb:281:in `constantize'
actionpack (5.2.1) lib/action_dispatch/http/request.rb:88:in `controller_class_for'
actionpack (5.2.1) lib/action_dispatch/http/request.rb:81:in `controller_class'
actionpack (5.2.1) lib/action_dispatch/routing/route_set.rb:46:in `controller'
actionpack (5.2.1) lib/action_dispatch/routing/route_set.rb:32:in `serve'
actionpack (5.2.1) lib/action_dispatch/journey/router.rb:52:in `block in serve'
actionpack (5.2.1) lib/action_dispatch/journey/router.rb:35:in `each'
actionpack (5.2.1) lib/action_dispatch/journey/router.rb:35:in `serve'
actionpack (5.2.1) lib/action_dispatch/routing/route_set.rb:840:in `call'
rack (2.0.5) lib/rack/tempfile_reaper.rb:15:in `call'
rack (2.0.5) lib/rack/etag.rb:25:in `call'
rack (2.0.5) lib/rack/conditional_get.rb:25:in `call'
rack (2.0.5) lib/rack/head.rb:12:in `call'
actionpack (5.2.1) lib/action_dispatch/http/content_security_policy.rb:18:in `call'
rack (2.0.5) lib/rack/session/abstract/id.rb:232:in `context'
rack (2.0.5) lib/rack/session/abstract/id.rb:226:in `call'
actionpack (5.2.1) lib/action_dispatch/middleware/cookies.rb:670:in `call'
activerecord (5.2.1) lib/active_record/migration.rb:559:in `call'
actionpack (5.2.1) lib/action_dispatch/middleware/callbacks.rb:28:in `block in call'
activesupport (5.2.1) lib/active_support/callbacks.rb:98:in `run_callbacks'
actionpack (5.2.1) lib/action_dispatch/middleware/callbacks.rb:26:in `call'
actionpack (5.2.1) lib/action_dispatch/middleware/executor.rb:14:in `call'
actionpack (5.2.1) lib/action_dispatch/middleware/debug_exceptions.rb:61:in `call'
web-console (3.6.2) lib/web_console/middleware.rb:135:in `call_app'
web-console (3.6.2) lib/web_console/middleware.rb:30:in `block in call'
web-console (3.6.2) lib/web_console/middleware.rb:20:in `catch'
web-console (3.6.2) lib/web_console/middleware.rb:20:in `call'
actionpack (5.2.1) lib/action_dispatch/middleware/show_exceptions.rb:33:in `call'
railties (5.2.1) lib/rails/rack/logger.rb:38:in `call_app'
railties (5.2.1) lib/rails/rack/logger.rb:26:in `block in call'
activesupport (5.2.1) lib/active_support/tagged_logging.rb:71:in `block in tagged'
activesupport (5.2.1) lib/active_support/tagged_logging.rb:28:in `tagged'
activesupport (5.2.1) lib/active_support/tagged_logging.rb:71:in `tagged'
railties (5.2.1) lib/rails/rack/logger.rb:26:in `call'
sprockets-rails (3.2.1) lib/sprockets/rails/quiet_assets.rb:13:in `call'
actionpack (5.2.1) lib/action_dispatch/middleware/remote_ip.rb:81:in `call'
actionpack (5.2.1) lib/action_dispatch/middleware/request_id.rb:27:in `call'
rack (2.0.5) lib/rack/method_override.rb:22:in `call'
rack (2.0.5) lib/rack/runtime.rb:22:in `call'
activesupport (5.2.1) lib/active_support/cache/strategy/local_cache_middleware.rb:29:in `call'
actionpack (5.2.1) lib/action_dispatch/middleware/executor.rb:14:in `call'
actionpack (5.2.1) lib/action_dispatch/middleware/static.rb:127:in `call'
rack (2.0.5) lib/rack/sendfile.rb:111:in `call'
railties (5.2.1) lib/rails/engine.rb:524:in `call'
puma (3.12.0) lib/puma/configuration.rb:225:in `call'
puma (3.12.0) lib/puma/server.rb:658:in `handle_request'
puma (3.12.0) lib/puma/server.rb:472:in `process_client'
puma (3.12.0) lib/puma/server.rb:332:in `block in run'
puma (3.12.0) lib/puma/thread_pool.rb:133:in `block in spawn_thread'
Started GET "/" for 127.0.0.1 at 2018-08-08 13:02:16 -0400
  
ActionController::RoutingError (uninitialized constant MainController):
  
bootsnap (1.3.1) lib/bootsnap/load_path_cache/core_ext/active_support.rb:53:in `block in load_missing_constant'
bootsnap (1.3.1) lib/bootsnap/load_path_cache/core_ext/active_support.rb:8:in `without_bootsnap_cache'
bootsnap (1.3.1) lib/bootsnap/load_path_cache/core_ext/active_support.rb:53:in `rescue in load_missing_constant'
bootsnap (1.3.1) lib/bootsnap/load_path_cache/core_ext/active_support.rb:42:in `load_missing_constant'
activesupport (5.2.1) lib/active_support/inflector/methods.rb:283:in `const_get'
activesupport (5.2.1) lib/active_support/inflector/methods.rb:283:in `block in constantize'
activesupport (5.2.1) lib/active_support/inflector/methods.rb:281:in `each'
activesupport (5.2.1) lib/active_support/inflector/methods.rb:281:in `inject'
activesupport (5.2.1) lib/active_support/inflector/methods.rb:281:in `constantize'
actionpack (5.2.1) lib/action_dispatch/http/request.rb:88:in `controller_class_for'
actionpack (5.2.1) lib/action_dispatch/http/request.rb:81:in `controller_class'
actionpack (5.2.1) lib/action_dispatch/routing/route_set.rb:46:in `controller'
actionpack (5.2.1) lib/action_dispatch/routing/route_set.rb:32:in `serve'
actionpack (5.2.1) lib/action_dispatch/journey/router.rb:52:in `block in serve'
actionpack (5.2.1) lib/action_dispatch/journey/router.rb:35:in `each'
actionpack (5.2.1) lib/action_dispatch/journey/router.rb:35:in `serve'
actionpack (5.2.1) lib/action_dispatch/routing/route_set.rb:840:in `call'
rack (2.0.5) lib/rack/tempfile_reaper.rb:15:in `call'
rack (2.0.5) lib/rack/etag.rb:25:in `call'
rack (2.0.5) lib/rack/conditional_get.rb:25:in `call'
rack (2.0.5) lib/rack/head.rb:12:in `call'
actionpack (5.2.1) lib/action_dispatch/http/content_security_policy.rb:18:in `call'
rack (2.0.5) lib/rack/session/abstract/id.rb:232:in `context'
rack (2.0.5) lib/rack/session/abstract/id.rb:226:in `call'
actionpack (5.2.1) lib/action_dispatch/middleware/cookies.rb:670:in `call'
activerecord (5.2.1) lib/active_record/migration.rb:559:in `call'
actionpack (5.2.1) lib/action_dispatch/middleware/callbacks.rb:28:in `block in call'
activesupport (5.2.1) lib/active_support/callbacks.rb:98:in `run_callbacks'
actionpack (5.2.1) lib/action_dispatch/middleware/callbacks.rb:26:in `call'
actionpack (5.2.1) lib/action_dispatch/middleware/executor.rb:14:in `call'
actionpack (5.2.1) lib/action_dispatch/middleware/debug_exceptions.rb:61:in `call'
web-console (3.6.2) lib/web_console/middleware.rb:135:in `call_app'
web-console (3.6.2) lib/web_console/middleware.rb:30:in `block in call'
web-console (3.6.2) lib/web_console/middleware.rb:20:in `catch'
web-console (3.6.2) lib/web_console/middleware.rb:20:in `call'
actionpack (5.2.1) lib/action_dispatch/middleware/show_exceptions.rb:33:in `call'
railties (5.2.1) lib/rails/rack/logger.rb:38:in `call_app'
railties (5.2.1) lib/rails/rack/logger.rb:26:in `block in call'
activesupport (5.2.1) lib/active_support/tagged_logging.rb:71:in `block in tagged'
activesupport (5.2.1) lib/active_support/tagged_logging.rb:28:in `tagged'
activesupport (5.2.1) lib/active_support/tagged_logging.rb:71:in `tagged'
railties (5.2.1) lib/rails/rack/logger.rb:26:in `call'
sprockets-rails (3.2.1) lib/sprockets/rails/quiet_assets.rb:13:in `call'
actionpack (5.2.1) lib/action_dispatch/middleware/remote_ip.rb:81:in `call'
actionpack (5.2.1) lib/action_dispatch/middleware/request_id.rb:27:in `call'
rack (2.0.5) lib/rack/method_override.rb:22:in `call'
rack (2.0.5) lib/rack/runtime.rb:22:in `call'
activesupport (5.2.1) lib/active_support/cache/strategy/local_cache_middleware.rb:29:in `call'
actionpack (5.2.1) lib/action_dispatch/middleware/executor.rb:14:in `call'
actionpack (5.2.1) lib/action_dispatch/middleware/static.rb:127:in `call'
rack (2.0.5) lib/rack/sendfile.rb:111:in `call'
railties (5.2.1) lib/rails/engine.rb:524:in `call'
puma (3.12.0) lib/puma/configuration.rb:225:in `call'
puma (3.12.0) lib/puma/server.rb:658:in `handle_request'
puma (3.12.0) lib/puma/server.rb:472:in `process_client'
puma (3.12.0) lib/puma/server.rb:332:in `block in run'
puma (3.12.0) lib/puma/thread_pool.rb:133:in `block in spawn_thread'
Started GET "/main" for 127.0.0.1 at 2018-08-08 13:02:52 -0400
  
ActionController::RoutingError (uninitialized constant MainController):
  
bootsnap (1.3.1) lib/bootsnap/load_path_cache/core_ext/active_support.rb:53:in `block in load_missing_constant'
bootsnap (1.3.1) lib/bootsnap/load_path_cache/core_ext/active_support.rb:8:in `without_bootsnap_cache'
bootsnap (1.3.1) lib/bootsnap/load_path_cache/core_ext/active_support.rb:53:in `rescue in load_missing_constant'
bootsnap (1.3.1) lib/bootsnap/load_path_cache/core_ext/active_support.rb:42:in `load_missing_constant'
activesupport (5.2.1) lib/active_support/inflector/methods.rb:283:in `const_get'
activesupport (5.2.1) lib/active_support/inflector/methods.rb:283:in `block in constantize'
activesupport (5.2.1) lib/active_support/inflector/methods.rb:281:in `each'
activesupport (5.2.1) lib/active_support/inflector/methods.rb:281:in `inject'
activesupport (5.2.1) lib/active_support/inflector/methods.rb:281:in `constantize'
actionpack (5.2.1) lib/action_dispatch/http/request.rb:88:in `controller_class_for'
actionpack (5.2.1) lib/action_dispatch/http/request.rb:81:in `controller_class'
actionpack (5.2.1) lib/action_dispatch/routing/route_set.rb:46:in `controller'
actionpack (5.2.1) lib/action_dispatch/routing/route_set.rb:32:in `serve'
actionpack (5.2.1) lib/action_dispatch/journey/router.rb:52:in `block in serve'
actionpack (5.2.1) lib/action_dispatch/journey/router.rb:35:in `each'
actionpack (5.2.1) lib/action_dispatch/journey/router.rb:35:in `serve'
actionpack (5.2.1) lib/action_dispatch/routing/route_set.rb:840:in `call'
rack (2.0.5) lib/rack/tempfile_reaper.rb:15:in `call'
rack (2.0.5) lib/rack/etag.rb:25:in `call'
rack (2.0.5) lib/rack/conditional_get.rb:25:in `call'
rack (2.0.5) lib/rack/head.rb:12:in `call'
actionpack (5.2.1) lib/action_dispatch/http/content_security_policy.rb:18:in `call'
rack (2.0.5) lib/rack/session/abstract/id.rb:232:in `context'
rack (2.0.5) lib/rack/session/abstract/id.rb:226:in `call'
actionpack (5.2.1) lib/action_dispatch/middleware/cookies.rb:670:in `call'
activerecord (5.2.1) lib/active_record/migration.rb:559:in `call'
actionpack (5.2.1) lib/action_dispatch/middleware/callbacks.rb:28:in `block in call'
activesupport (5.2.1) lib/active_support/callbacks.rb:98:in `run_callbacks'
actionpack (5.2.1) lib/action_dispatch/middleware/callbacks.rb:26:in `call'
actionpack (5.2.1) lib/action_dispatch/middleware/executor.rb:14:in `call'
actionpack (5.2.1) lib/action_dispatch/middleware/debug_exceptions.rb:61:in `call'
web-console (3.6.2) lib/web_console/middleware.rb:135:in `call_app'
web-console (3.6.2) lib/web_console/middleware.rb:30:in `block in call'
web-console (3.6.2) lib/web_console/middleware.rb:20:in `catch'
web-console (3.6.2) lib/web_console/middleware.rb:20:in `call'
actionpack (5.2.1) lib/action_dispatch/middleware/show_exceptions.rb:33:in `call'
railties (5.2.1) lib/rails/rack/logger.rb:38:in `call_app'
railties (5.2.1) lib/rails/rack/logger.rb:26:in `block in call'
activesupport (5.2.1) lib/active_support/tagged_logging.rb:71:in `block in tagged'
activesupport (5.2.1) lib/active_support/tagged_logging.rb:28:in `tagged'
activesupport (5.2.1) lib/active_support/tagged_logging.rb:71:in `tagged'
railties (5.2.1) lib/rails/rack/logger.rb:26:in `call'
sprockets-rails (3.2.1) lib/sprockets/rails/quiet_assets.rb:13:in `call'
actionpack (5.2.1) lib/action_dispatch/middleware/remote_ip.rb:81:in `call'
actionpack (5.2.1) lib/action_dispatch/middleware/request_id.rb:27:in `call'
rack (2.0.5) lib/rack/method_override.rb:22:in `call'
rack (2.0.5) lib/rack/runtime.rb:22:in `call'
activesupport (5.2.1) lib/active_support/cache/strategy/local_cache_middleware.rb:29:in `call'
actionpack (5.2.1) lib/action_dispatch/middleware/executor.rb:14:in `call'
actionpack (5.2.1) lib/action_dispatch/middleware/static.rb:127:in `call'
rack (2.0.5) lib/rack/sendfile.rb:111:in `call'
railties (5.2.1) lib/rails/engine.rb:524:in `call'
puma (3.12.0) lib/puma/configuration.rb:225:in `call'
puma (3.12.0) lib/puma/server.rb:658:in `handle_request'
puma (3.12.0) lib/puma/server.rb:472:in `process_client'
puma (3.12.0) lib/puma/server.rb:332:in `block in run'
puma (3.12.0) lib/puma/thread_pool.rb:133:in `block in spawn_thread'
Started GET "/main" for 127.0.0.1 at 2018-08-08 13:03:11 -0400
  
ActionController::RoutingError (uninitialized constant MainController):
  
bootsnap (1.3.1) lib/bootsnap/load_path_cache/core_ext/active_support.rb:53:in `block in load_missing_constant'
bootsnap (1.3.1) lib/bootsnap/load_path_cache/core_ext/active_support.rb:8:in `without_bootsnap_cache'
bootsnap (1.3.1) lib/bootsnap/load_path_cache/core_ext/active_support.rb:53:in `rescue in load_missing_constant'
bootsnap (1.3.1) lib/bootsnap/load_path_cache/core_ext/active_support.rb:42:in `load_missing_constant'
activesupport (5.2.1) lib/active_support/inflector/methods.rb:283:in `const_get'
activesupport (5.2.1) lib/active_support/inflector/methods.rb:283:in `block in constantize'
activesupport (5.2.1) lib/active_support/inflector/methods.rb:281:in `each'
activesupport (5.2.1) lib/active_support/inflector/methods.rb:281:in `inject'
activesupport (5.2.1) lib/active_support/inflector/methods.rb:281:in `constantize'
actionpack (5.2.1) lib/action_dispatch/http/request.rb:88:in `controller_class_for'
actionpack (5.2.1) lib/action_dispatch/http/request.rb:81:in `controller_class'
actionpack (5.2.1) lib/action_dispatch/routing/route_set.rb:46:in `controller'
actionpack (5.2.1) lib/action_dispatch/routing/route_set.rb:32:in `serve'
actionpack (5.2.1) lib/action_dispatch/journey/router.rb:52:in `block in serve'
actionpack (5.2.1) lib/action_dispatch/journey/router.rb:35:in `each'
actionpack (5.2.1) lib/action_dispatch/journey/router.rb:35:in `serve'
actionpack (5.2.1) lib/action_dispatch/routing/route_set.rb:840:in `call'
rack (2.0.5) lib/rack/tempfile_reaper.rb:15:in `call'
rack (2.0.5) lib/rack/etag.rb:25:in `call'
rack (2.0.5) lib/rack/conditional_get.rb:25:in `call'
rack (2.0.5) lib/rack/head.rb:12:in `call'
actionpack (5.2.1) lib/action_dispatch/http/content_security_policy.rb:18:in `call'
rack (2.0.5) lib/rack/session/abstract/id.rb:232:in `context'
rack (2.0.5) lib/rack/session/abstract/id.rb:226:in `call'
actionpack (5.2.1) lib/action_dispatch/middleware/cookies.rb:670:in `call'
activerecord (5.2.1) lib/active_record/migration.rb:559:in `call'
actionpack (5.2.1) lib/action_dispatch/middleware/callbacks.rb:28:in `block in call'
activesupport (5.2.1) lib/active_support/callbacks.rb:98:in `run_callbacks'
actionpack (5.2.1) lib/action_dispatch/middleware/callbacks.rb:26:in `call'
actionpack (5.2.1) lib/action_dispatch/middleware/executor.rb:14:in `call'
actionpack (5.2.1) lib/action_dispatch/middleware/debug_exceptions.rb:61:in `call'
web-console (3.6.2) lib/web_console/middleware.rb:135:in `call_app'
web-console (3.6.2) lib/web_console/middleware.rb:30:in `block in call'
web-console (3.6.2) lib/web_console/middleware.rb:20:in `catch'
web-console (3.6.2) lib/web_console/middleware.rb:20:in `call'
actionpack (5.2.1) lib/action_dispatch/middleware/show_exceptions.rb:33:in `call'
railties (5.2.1) lib/rails/rack/logger.rb:38:in `call_app'
railties (5.2.1) lib/rails/rack/logger.rb:26:in `block in call'
activesupport (5.2.1) lib/active_support/tagged_logging.rb:71:in `block in tagged'
activesupport (5.2.1) lib/active_support/tagged_logging.rb:28:in `tagged'
activesupport (5.2.1) lib/active_support/tagged_logging.rb:71:in `tagged'
railties (5.2.1) lib/rails/rack/logger.rb:26:in `call'
sprockets-rails (3.2.1) lib/sprockets/rails/quiet_assets.rb:13:in `call'
actionpack (5.2.1) lib/action_dispatch/middleware/remote_ip.rb:81:in `call'
actionpack (5.2.1) lib/action_dispatch/middleware/request_id.rb:27:in `call'
rack (2.0.5) lib/rack/method_override.rb:22:in `call'
rack (2.0.5) lib/rack/runtime.rb:22:in `call'
activesupport (5.2.1) lib/active_support/cache/strategy/local_cache_middleware.rb:29:in `call'
actionpack (5.2.1) lib/action_dispatch/middleware/executor.rb:14:in `call'
actionpack (5.2.1) lib/action_dispatch/middleware/static.rb:127:in `call'
rack (2.0.5) lib/rack/sendfile.rb:111:in `call'
railties (5.2.1) lib/rails/engine.rb:524:in `call'
puma (3.12.0) lib/puma/configuration.rb:225:in `call'
puma (3.12.0) lib/puma/server.rb:658:in `handle_request'
puma (3.12.0) lib/puma/server.rb:472:in `process_client'
puma (3.12.0) lib/puma/server.rb:332:in `block in run'
puma (3.12.0) lib/puma/thread_pool.rb:133:in `block in spawn_thread'
Started GET "/" for 127.0.0.1 at 2018-08-08 13:07:55 -0400
Started GET "/" for 127.0.0.1 at 2018-08-08 13:08:05 -0400
Processing by MainController#index as HTML
  Rendering main/index.html.erb within layouts/application
  Rendered main/index.html.erb within layouts/application (0.2ms)
Completed 200 OK in 575ms (Views: 573.0ms | ActiveRecord: 0.0ms)


Processing by MainController#index as HTML
  Rendering main/index.html.erb within layouts/application
  Rendered main/index.html.erb within layouts/application (0.1ms)
Completed 200 OK in 16ms (Views: 14.6ms | ActiveRecord: 0.0ms)


